<?xml version="1.0" encoding="UTF-8"?>
<!-- Generated by org.testng.reporters.JUnitXMLReporter -->
<testsuite ignored="0" hostname="DESKTOP-UA7G0ND" failures="0" tests="3" name="Test" time="34.599" errors="0" timestamp="2024-06-07T09:56:03 IST">
  <testcase classname="codewithharry.tests.SubmitCartTest" name="submitCart" time="5.208"/>
  <testcase classname="codewithharry.tests.SubmitCartTest" name="submitCart" time="4.033"/>
  <testcase classname="codewithharry.tests.SubmitCartTest" name="OrderConfirmed" time="0.797"/>
</testsuite> <!-- Test -->
